0 info it worked if it ends with ok
1 verbose cli [ 'node', '/usr/local/bin/npm', 'publish' ]
2 info using npm@2.5.1
3 info using node@v0.12.0
4 verbose node symlink /usr/local/bin/node
5 verbose publish [ '.' ]
6 silly cache add args [ '.', null ]
7 verbose cache add spec .
8 silly cache add parsed spec { raw: '.',
8 silly cache add   scope: null,
8 silly cache add   name: null,
8 silly cache add   rawSpec: '.',
8 silly cache add   spec: '/Users/ptariche/Documents/projects/timeo',
8 silly cache add   type: 'directory' }
9 verbose addLocalDirectory /Users/ptariche/.npm/timeo/0.1.0/package.tgz not in flight; packing
10 verbose tar pack [ '/Users/ptariche/.npm/timeo/0.1.0/package.tgz',
10 verbose tar pack   '/Users/ptariche/Documents/projects/timeo' ]
11 verbose tarball /Users/ptariche/.npm/timeo/0.1.0/package.tgz
12 verbose folder /Users/ptariche/Documents/projects/timeo
13 info prepublish timeo@0.1.0
14 verbose addLocalTarball adding from inside cache /Users/ptariche/.npm/timeo/0.1.0/package.tgz
15 silly cache afterAdd timeo@0.1.0
16 verbose afterAdd /Users/ptariche/.npm/timeo/0.1.0/package/package.json not in flight; writing
17 verbose afterAdd /Users/ptariche/.npm/timeo/0.1.0/package/package.json written
18 silly publish { name: 'timeo',
18 silly publish   version: '0.1.0',
18 silly publish   description: 'A cron like service with co flow',
18 silly publish   main: 'index.js',
18 silly publish   scripts: { test: 'echo "Error: no test specified" && exit 1' },
18 silly publish   repository: { type: 'git', url: 'https://github.com/ptariche/timeo' },
18 silly publish   keywords: [ 'cron', 'node', 'co', 'service' ],
18 silly publish   author: { name: 'Peter A. Tariche' },
18 silly publish   license: 'MIT',
18 silly publish   bugs: { url: 'https://github.com/ptariche/timeo/issues' },
18 silly publish   homepage: 'https://github.com/ptariche/timeo',
18 silly publish   dependencies:
18 silly publish    { co: '^4.5.4',
18 silly publish      cron: '^1.0.9',
18 silly publish      debug: '^2.2.0',
18 silly publish      'koa-compose': '^2.3.0' },
18 silly publish   readme: '# timeo\n',
18 silly publish   readmeFilename: 'README.md',
18 silly publish   gitHead: '90c2413e6c9896089861da468ec21e96200626a6',
18 silly publish   _id: 'timeo@0.1.0',
18 silly publish   _shasum: '8f4532402e2a4fab8300a7d8996532152b9deaaa',
18 silly publish   _from: '.' }
19 silly mapToRegistry name timeo
20 silly mapToRegistry using default registry
21 silly mapToRegistry registry https://registry.npmjs.org/
22 silly mapToRegistry uri https://registry.npmjs.org/timeo
23 verbose publish registryBase https://registry.npmjs.org/
24 silly publish uploading /Users/ptariche/.npm/timeo/0.1.0/package.tgz
25 verbose request uri https://registry.npmjs.org/timeo
26 verbose request sending authorization for write operation
27 info attempt registry request try #1 at 17:05:14
28 verbose request id d7eb7f35d7d3de26
29 http request PUT https://registry.npmjs.org/timeo
30 http 403 https://registry.npmjs.org/timeo
31 verbose headers { 'content-type': 'application/json',
31 verbose headers   'cache-control': 'max-age=60',
31 verbose headers   'content-length': '95',
31 verbose headers   'accept-ranges': 'bytes',
31 verbose headers   date: 'Fri, 26 Jun 2015 00:04:05 GMT',
31 verbose headers   via: '1.1 varnish',
31 verbose headers   connection: 'keep-alive',
31 verbose headers   'x-served-by': 'cache-sjc3132-SJC',
31 verbose headers   'x-cache': 'MISS',
31 verbose headers   'x-cache-hits': '0',
31 verbose headers   'x-timer': 'S1435277044.187498,VS0,VE1247' }
32 verbose request invalidating /Users/ptariche/.npm/registry.npmjs.org/timeo on PUT
33 error publish Failed PUT 403
34 verbose stack Error: "You cannot publish over the previously published version 0.1.0." : timeo
34 verbose stack     at CachingRegistryClient.<anonymous> (/usr/local/lib/node_modules/npm/node_modules/npm-registry-client/lib/request.js:254:14)
34 verbose stack     at Request._callback (/usr/local/lib/node_modules/npm/node_modules/npm-registry-client/lib/request.js:178:14)
34 verbose stack     at Request.self.callback (/usr/local/lib/node_modules/npm/node_modules/request/request.js:344:22)
34 verbose stack     at Request.emit (events.js:110:17)
34 verbose stack     at Request.<anonymous> (/usr/local/lib/node_modules/npm/node_modules/request/request.js:1239:14)
34 verbose stack     at Request.emit (events.js:129:20)
34 verbose stack     at IncomingMessage.<anonymous> (/usr/local/lib/node_modules/npm/node_modules/request/request.js:1187:12)
34 verbose stack     at IncomingMessage.emit (events.js:129:20)
34 verbose stack     at _stream_readable.js:908:16
34 verbose stack     at process._tickCallback (node.js:355:11)
35 verbose statusCode 403
36 verbose pkgid timeo
37 verbose cwd /Users/ptariche/Documents/projects/timeo
38 error Darwin 14.1.0
39 error argv "node" "/usr/local/bin/npm" "publish"
40 error node v0.12.0
41 error npm  v2.5.1
42 error code E403
43 error "You cannot publish over the previously published version 0.1.0." : timeo
44 error If you need help, you may report this error at:
44 error     <http://github.com/npm/npm/issues>
45 verbose exit [ 1, true ]
